2024-10-03 13:47:49,023:WARNING:
'cuml' is a soft dependency and not included in the pycaret installation. Please run: `pip install cuml` to install.
2024-10-03 13:47:49,023:WARNING:
'cuml' is a soft dependency and not included in the pycaret installation. Please run: `pip install cuml` to install.
2024-10-03 13:47:49,023:WARNING:
'cuml' is a soft dependency and not included in the pycaret installation. Please run: `pip install cuml` to install.
2024-10-03 13:47:49,023:WARNING:
'cuml' is a soft dependency and not included in the pycaret installation. Please run: `pip install cuml` to install.
2024-10-03 13:49:17,841:WARNING:
'cuml' is a soft dependency and not included in the pycaret installation. Please run: `pip install cuml` to install.
2024-10-03 13:49:17,841:WARNING:
'cuml' is a soft dependency and not included in the pycaret installation. Please run: `pip install cuml` to install.
2024-10-03 13:49:17,841:WARNING:
'cuml' is a soft dependency and not included in the pycaret installation. Please run: `pip install cuml` to install.
2024-10-03 13:49:17,841:WARNING:
'cuml' is a soft dependency and not included in the pycaret installation. Please run: `pip install cuml` to install.
2024-10-03 13:49:54,310:WARNING:
'cuml' is a soft dependency and not included in the pycaret installation. Please run: `pip install cuml` to install.
2024-10-03 13:49:54,310:WARNING:
'cuml' is a soft dependency and not included in the pycaret installation. Please run: `pip install cuml` to install.
2024-10-03 13:49:54,310:WARNING:
'cuml' is a soft dependency and not included in the pycaret installation. Please run: `pip install cuml` to install.
2024-10-03 13:49:54,310:WARNING:
'cuml' is a soft dependency and not included in the pycaret installation. Please run: `pip install cuml` to install.
2024-10-03 13:49:56,819:WARNING:C:\Users\mahmoud.mesmeh\AppData\Local\anaconda3\envs\flower_env\lib\site-packages\pycaret\internal\pipeline.py:148: UserWarning: Version mismatch:
current: {'deps_info': {'pip': '24.0', 'setuptools': '69.5.1', 'pycaret': '3.3.2', 'IPython': '8.27.0', 'ipywidgets': '8.1.5', 'tqdm': '4.66.4', 'numpy': '1.22.4', 'pandas': '2.2.3', 'jinja2': '3.1.4', 'scipy': '1.7.3', 'joblib': '1.4.2', 'sklearn': '1.4.2', 'pyod': '2.0.2', 'imblearn': '0.12.3', 'category_encoders': '2.6.3', 'lightgbm': '4.5.0', 'numba': '0.60.0', 'requests': '2.32.3', 'matplotlib': '3.7.5', 'scikitplot': '0.3.7', 'yellowbrick': '1.5', 'plotly': '5.24.1', 'plotly-resampler': 'Not installed', 'kaleido': '0.2.1', 'schemdraw': '0.15', 'statsmodels': '0.14.3', 'sktime': '0.26.0', 'tbats': '1.1.3', 'pmdarima': '2.0.4', 'psutil': '6.0.0', 'markupsafe': '2.1.5', 'pickle5': 'Not installed', 'cloudpickle': '3.0.0', 'deprecation': '2.1.0', 'xxhash': '3.5.0', 'wurlitzer': 'Not installed'}, 'python': {'version': '3.10.14', 'machine': 'AMD64'}}
pickle: {'deps_info': {'pip': '24.1.2', 'setuptools': '71.0.4', 'pycaret': '3.3.2', 'IPython': '7.34.0', 'ipywidgets': '7.7.1', 'tqdm': '4.66.5', 'numpy': '1.26.4', 'pandas': '2.1.4', 'jinja2': '3.1.4', 'scipy': '1.11.4', 'joblib': '1.3.2', 'sklearn': '1.4.2', 'pyod': '2.0.2', 'imblearn': '0.12.3', 'category_encoders': '2.6.3', 'lightgbm': '4.5.0', 'numba': '0.60.0', 'requests': '2.32.3', 'matplotlib': '3.7.1', 'scikitplot': '0.3.7', 'yellowbrick': '1.5', 'plotly': '5.15.0', 'plotly-resampler': 'Not installed', 'kaleido': '0.2.1', 'schemdraw': '0.15', 'statsmodels': '0.14.3', 'sktime': '0.26.0', 'tbats': '1.1.3', 'pmdarima': '2.0.4', 'psutil': '5.9.5', 'markupsafe': '2.1.5', 'pickle5': 'Not installed', 'cloudpickle': '2.2.1', 'deprecation': '2.1.0', 'xxhash': '3.5.0', 'wurlitzer': '3.1.1'}, 'python': {'version': '3.10.12', 'machine': 'x86_64'}}
  warnings.warn(

2024-10-03 13:49:56,864:INFO:Initializing predict_model()
2024-10-03 13:49:56,864:INFO:predict_model(self=<pycaret.classification.oop.ClassificationExperiment object at 0x000001B579F7BE50>, estimator=Pipeline(memory=Memory(location=None),
         steps=[('numerical_imputer',
                 TransformerWrapper(include=['num_clients',
                                             'Sum of Instances in Clients',
                                             'Max. Of Instances in Clients',
                                             'Min. Of Instances in Clients',
                                             'Stddev of Instances in Clients',
                                             'Average Dataset Missing Values %',
                                             'Min Dataset Missing Values %',
                                             'Max Dataset Missing Values %',
                                             'Stddev Dataset Missing Values %',
                                             'Average Target Miss...
                ('normalize', TransformerWrapper(transformer=StandardScaler())),
                ('clean_column_names',
                 TransformerWrapper(transformer=CleanColumnNames())),
                ('actual_estimator',
                 RandomForestClassifier(bootstrap=False,
                                        class_weight='balanced_subsample',
                                        criterion='entropy', max_depth=8,
                                        max_features='log2',
                                        min_impurity_decrease=0.01,
                                        min_samples_leaf=2, n_estimators=300,
                                        n_jobs=-1, random_state=42))]), probability_threshold=None, encoded_labels=False, raw_score=True, round=4, verbose=True, ml_usecase=None, preprocess=True, encode_labels=<function _SupervisedExperiment.predict_model.<locals>.encode_labels at 0x000001B5219C0B80>)
2024-10-03 13:49:56,864:INFO:Checking exceptions
2024-10-03 13:49:56,864:INFO:Preloading libraries
2024-10-03 13:49:56,876:INFO:Set up data.
2024-10-03 13:49:56,909:INFO:Set up index.
2024-10-03 13:50:28,416:WARNING:
'cuml' is a soft dependency and not included in the pycaret installation. Please run: `pip install cuml` to install.
2024-10-03 13:50:28,416:WARNING:
'cuml' is a soft dependency and not included in the pycaret installation. Please run: `pip install cuml` to install.
2024-10-03 13:50:28,416:WARNING:
'cuml' is a soft dependency and not included in the pycaret installation. Please run: `pip install cuml` to install.
2024-10-03 13:50:28,416:WARNING:
'cuml' is a soft dependency and not included in the pycaret installation. Please run: `pip install cuml` to install.
2024-10-03 13:50:29,785:WARNING:C:\Users\mahmoud.mesmeh\AppData\Local\anaconda3\envs\flower_env\lib\site-packages\pycaret\internal\pipeline.py:148: UserWarning: Version mismatch:
current: {'deps_info': {'pip': '24.0', 'setuptools': '69.5.1', 'pycaret': '3.3.2', 'IPython': '8.27.0', 'ipywidgets': '8.1.5', 'tqdm': '4.66.4', 'numpy': '1.22.4', 'pandas': '2.2.3', 'jinja2': '3.1.4', 'scipy': '1.7.3', 'joblib': '1.4.2', 'sklearn': '1.4.2', 'pyod': '2.0.2', 'imblearn': '0.12.3', 'category_encoders': '2.6.3', 'lightgbm': '4.5.0', 'numba': '0.60.0', 'requests': '2.32.3', 'matplotlib': '3.7.5', 'scikitplot': '0.3.7', 'yellowbrick': '1.5', 'plotly': '5.24.1', 'plotly-resampler': 'Not installed', 'kaleido': '0.2.1', 'schemdraw': '0.15', 'statsmodels': '0.14.3', 'sktime': '0.26.0', 'tbats': '1.1.3', 'pmdarima': '2.0.4', 'psutil': '6.0.0', 'markupsafe': '2.1.5', 'pickle5': 'Not installed', 'cloudpickle': '3.0.0', 'deprecation': '2.1.0', 'xxhash': '3.5.0', 'wurlitzer': 'Not installed'}, 'python': {'version': '3.10.14', 'machine': 'AMD64'}}
pickle: {'deps_info': {'pip': '24.1.2', 'setuptools': '71.0.4', 'pycaret': '3.3.2', 'IPython': '7.34.0', 'ipywidgets': '7.7.1', 'tqdm': '4.66.5', 'numpy': '1.26.4', 'pandas': '2.1.4', 'jinja2': '3.1.4', 'scipy': '1.11.4', 'joblib': '1.3.2', 'sklearn': '1.4.2', 'pyod': '2.0.2', 'imblearn': '0.12.3', 'category_encoders': '2.6.3', 'lightgbm': '4.5.0', 'numba': '0.60.0', 'requests': '2.32.3', 'matplotlib': '3.7.1', 'scikitplot': '0.3.7', 'yellowbrick': '1.5', 'plotly': '5.15.0', 'plotly-resampler': 'Not installed', 'kaleido': '0.2.1', 'schemdraw': '0.15', 'statsmodels': '0.14.3', 'sktime': '0.26.0', 'tbats': '1.1.3', 'pmdarima': '2.0.4', 'psutil': '5.9.5', 'markupsafe': '2.1.5', 'pickle5': 'Not installed', 'cloudpickle': '2.2.1', 'deprecation': '2.1.0', 'xxhash': '3.5.0', 'wurlitzer': '3.1.1'}, 'python': {'version': '3.10.12', 'machine': 'x86_64'}}
  warnings.warn(

2024-10-03 13:50:29,801:INFO:Initializing predict_model()
2024-10-03 13:50:29,801:INFO:predict_model(self=<pycaret.classification.oop.ClassificationExperiment object at 0x000001AC7D06BE50>, estimator=Pipeline(memory=Memory(location=None),
         steps=[('numerical_imputer',
                 TransformerWrapper(include=['num_clients',
                                             'Sum of Instances in Clients',
                                             'Max. Of Instances in Clients',
                                             'Min. Of Instances in Clients',
                                             'Stddev of Instances in Clients',
                                             'Average Dataset Missing Values %',
                                             'Min Dataset Missing Values %',
                                             'Max Dataset Missing Values %',
                                             'Stddev Dataset Missing Values %',
                                             'Average Target Miss...
                ('normalize', TransformerWrapper(transformer=StandardScaler())),
                ('clean_column_names',
                 TransformerWrapper(transformer=CleanColumnNames())),
                ('actual_estimator',
                 RandomForestClassifier(bootstrap=False,
                                        class_weight='balanced_subsample',
                                        criterion='entropy', max_depth=8,
                                        max_features='log2',
                                        min_impurity_decrease=0.01,
                                        min_samples_leaf=2, n_estimators=300,
                                        n_jobs=-1, random_state=42))]), probability_threshold=None, encoded_labels=False, raw_score=True, round=4, verbose=True, ml_usecase=None, preprocess=True, encode_labels=<function _SupervisedExperiment.predict_model.<locals>.encode_labels at 0x000001AC24B50C10>)
2024-10-03 13:50:29,801:INFO:Checking exceptions
2024-10-03 13:50:29,801:INFO:Preloading libraries
2024-10-03 13:50:29,817:INFO:Set up data.
2024-10-03 13:50:29,833:INFO:Set up index.
